<?xml version="1.0" encoding="UTF-8"?>
<!-- Generated by org.testng.reporters.JUnitXMLReporter -->
<testsuite ignored="7" hostname="Sangeetha" failures="0" tests="10" name="Test" time="51.23" errors="0" timestamp="2023-07-07T11:23:07 IST">
  <testcase classname="executePageClasses.ExpenseCategoryPageTestClass" name="verifyToCreateNewExpenseinExpensecategoryPage" time="1.955"/>
  <testcase classname="executePageClasses.ExpenseCategoryPageTestClass" name="verifyToDeleteCreatedExpenseinExpensecategoryPage" time="1.743"/>
  <testcase classname="executePageClasses.ExpenseCategoryPageTestClass" name="verifyToSearchCreatedExpenseinExpensecategoryPage" time="1.468"/>
  <testcase classname="executePageClasses.ExpenseCategoryPageTestClass" name="verifyExpensecategoryPageIsDisplayedOrNot" time="1.088"/>
  <testcase classname="executePageClasses.ManageExpensePageTestClass" name="verifyToCreateNewManageExpense" time="3.08"/>
  <testcase classname="executePageClasses.ManageExpensePageTestClass" name="verifyToSearchCreatedManageExpense" time="2.528"/>
  <testcase classname="executePageClasses.ManageExpensePageTestClass" name="verifyManageExpensePageIsDisplayedOrNot" time="1.174"/>
  <testcase classname="executePageClasses.ManageExpensePageTestClass" name="verifyToDeleteCreatedExpenseinExpensecategoryPage" time="1.567"/>
  <testcase classname="executePageClasses.HomePageTestClass" name="verifyAllTilesAreDisplayedOrNotInHomePage" time="0.977"/>
  <testcase classname="executePageClasses.ManageProductPageTestClass" name="verifyToSearchAProductInManageProductPage" time="1.568"/>
  <testcase classname="executePageClasses.BaseClass" name="@BeforeSuite createReport" time="0.0">
    <ignored/>
  </testcase> <!-- @BeforeSuite createReport -->
  <testcase classname="executePageClasses.LoginPageTestClass" name="verifyRememberMeCheckBoxIsSelectedByDefaultOrNot" time="0.0">
    <ignored/>
  </testcase> <!-- verifyRememberMeCheckBoxIsSelectedByDefaultOrNot -->
  <testcase classname="executePageClasses.BaseClass" name="@BeforeSuite createReport" time="0.0">
    <ignored/>
  </testcase> <!-- @BeforeSuite createReport -->
  <testcase classname="executePageClasses.LoginPageTestClass" name="verifySuccessfulLogin" time="0.0">
    <ignored/>
  </testcase> <!-- verifySuccessfulLogin -->
  <testcase classname="executePageClasses.BaseClass" name="@BeforeSuite createReport" time="0.0">
    <ignored/>
  </testcase> <!-- @BeforeSuite createReport -->
  <testcase classname="executePageClasses.LoginPageTestClass" name="verifyUnSuccessfulLogin" time="0.0">
    <ignored/>
  </testcase> <!-- verifyUnSuccessfulLogin -->
  <testcase classname="executePageClasses.BaseClass" name="@BeforeSuite createReport" time="0.0">
    <ignored/>
  </testcase> <!-- @BeforeSuite createReport -->
</testsuite> <!-- Test -->
