<?xml version="1.0" encoding="UTF-8"?>
<testng-results ignored="7" total="17" passed="10" failed="0" skipped="0">
  <reporter-output>
  </reporter-output>
  <suite started-at="2023-07-07T11:22:15 IST" name="Suite" finished-at="2023-07-07T11:23:07 IST" duration-ms="51230">
    <groups>
      <group name="search">
        <method signature="ManageExpensePageTestClass.verifyToSearchCreatedManageExpense()[pri:0, instance:executePageClasses.ManageExpensePageTestClass@45fd9a4d]" name="verifyToSearchCreatedManageExpense" class="executePageClasses.ManageExpensePageTestClass"/>
        <method signature="ManageProductPageTestClass.verifyToSearchAProductInManageProductPage()[pri:0, instance:executePageClasses.ManageProductPageTestClass@5f0e9815]" name="verifyToSearchAProductInManageProductPage" class="executePageClasses.ManageProductPageTestClass"/>
        <method signature="ExpenseCategoryPageTestClass.verifyToSearchCreatedExpenseinExpensecategoryPage()[pri:2, instance:executePageClasses.ExpenseCategoryPageTestClass@691939c9]" name="verifyToSearchCreatedExpenseinExpensecategoryPage" class="executePageClasses.ExpenseCategoryPageTestClass"/>
      </group> <!-- search -->
      <group name="create">
        <method signature="ExpenseCategoryPageTestClass.verifyToCreateNewExpenseinExpensecategoryPage()[pri:0, instance:executePageClasses.ExpenseCategoryPageTestClass@691939c9]" name="verifyToCreateNewExpenseinExpensecategoryPage" class="executePageClasses.ExpenseCategoryPageTestClass"/>
        <method signature="ManageExpensePageTestClass.verifyToCreateNewManageExpense()[pri:0, instance:executePageClasses.ManageExpensePageTestClass@45fd9a4d]" name="verifyToCreateNewManageExpense" class="executePageClasses.ManageExpensePageTestClass"/>
      </group> <!-- create -->
      <group name="delete">
        <method signature="ExpenseCategoryPageTestClass.verifyToDeleteCreatedExpenseinExpensecategoryPage()[pri:1, instance:executePageClasses.ExpenseCategoryPageTestClass@691939c9]" name="verifyToDeleteCreatedExpenseinExpensecategoryPage" class="executePageClasses.ExpenseCategoryPageTestClass"/>
        <method signature="ManageExpensePageTestClass.verifyToDeleteCreatedExpenseinExpensecategoryPage()[pri:3, instance:executePageClasses.ManageExpensePageTestClass@45fd9a4d]" name="verifyToDeleteCreatedExpenseinExpensecategoryPage" class="executePageClasses.ManageExpensePageTestClass"/>
      </group> <!-- delete -->
      <group name="group1">
        <method signature="HomePageTestClass.verifyAllTilesAreDisplayedOrNotInHomePage()[pri:0, instance:executePageClasses.HomePageTestClass@146587a2]" name="verifyAllTilesAreDisplayedOrNotInHomePage" class="executePageClasses.HomePageTestClass"/>
        <method signature="ManageExpensePageTestClass.verifyManageExpensePageIsDisplayedOrNot()[pri:2, instance:executePageClasses.ManageExpensePageTestClass@45fd9a4d]" name="verifyManageExpensePageIsDisplayedOrNot" class="executePageClasses.ManageExpensePageTestClass"/>
        <method signature="ExpenseCategoryPageTestClass.verifyExpensecategoryPageIsDisplayedOrNot()[pri:3, instance:executePageClasses.ExpenseCategoryPageTestClass@691939c9]" name="verifyExpensecategoryPageIsDisplayedOrNot" class="executePageClasses.ExpenseCategoryPageTestClass"/>
      </group> <!-- group1 -->
    </groups>
    <test started-at="2023-07-07T11:22:15 IST" name="Test" finished-at="2023-07-07T11:23:07 IST" duration-ms="51230">
      <class name="executePageClasses.ExpenseCategoryPageTestClass">
        <test-method is-config="true" signature="createReport(org.testng.ITestContext)[pri:0, instance:executePageClasses.ExpenseCategoryPageTestClass@691939c9]" started-at="2023-07-07T11:22:15 IST" name="createReport" finished-at="2023-07-07T11:22:15 IST" duration-ms="56" status="PASS">
          <params>
            <param index="0">
              <value>
                <![CDATA[org.testng.TestRunner@343727b5]]>
              </value>
            </param>
          </params>
          <reporter-output>
          </reporter-output>
        </test-method> <!-- createReport -->
        <test-method is-config="true" signature="beforeMethod(java.lang.String)[pri:0, instance:executePageClasses.ExpenseCategoryPageTestClass@691939c9]" started-at="2023-07-07T11:22:16 IST" name="beforeMethod" finished-at="2023-07-07T11:22:19 IST" duration-ms="3971" status="PASS">
          <params>
            <param index="0">
              <value>
                <![CDATA[Chrome]]>
              </value>
            </param>
          </params>
          <reporter-output>
          </reporter-output>
        </test-method> <!-- beforeMethod -->
        <test-method signature="verifyToCreateNewExpenseinExpensecategoryPage()[pri:0, instance:executePageClasses.ExpenseCategoryPageTestClass@691939c9]" started-at="2023-07-07T11:22:19 IST" name="verifyToCreateNewExpenseinExpensecategoryPage" finished-at="2023-07-07T11:22:21 IST" duration-ms="1955" status="PASS">
          <reporter-output>
          </reporter-output>
        </test-method> <!-- verifyToCreateNewExpenseinExpensecategoryPage -->
        <test-method is-config="true" signature="afterMethod(org.testng.ITestResult)[pri:0, instance:executePageClasses.ExpenseCategoryPageTestClass@691939c9]" started-at="2023-07-07T11:22:21 IST" name="afterMethod" finished-at="2023-07-07T11:22:22 IST" duration-ms="1004" status="PASS">
          <params>
            <param index="0">
              <value>
                <![CDATA[[TestResult name=verifyToCreateNewExpenseinExpensecategoryPage status=SUCCESS method=ExpenseCategoryPageTestClass.verifyToCreateNewExpenseinExpensecategoryPage()[pri:0, instance:executePageClasses.ExpenseCategoryPageTestClass@691939c9] output={null}]]]>
              </value>
            </param>
          </params>
          <reporter-output>
          </reporter-output>
        </test-method> <!-- afterMethod -->
        <test-method is-config="true" signature="beforeMethod(java.lang.String)[pri:0, instance:executePageClasses.ExpenseCategoryPageTestClass@691939c9]" started-at="2023-07-07T11:22:22 IST" name="beforeMethod" finished-at="2023-07-07T11:22:25 IST" duration-ms="2222" status="PASS">
          <params>
            <param index="0">
              <value>
                <![CDATA[Chrome]]>
              </value>
            </param>
          </params>
          <reporter-output>
          </reporter-output>
        </test-method> <!-- beforeMethod -->
        <test-method signature="verifyToDeleteCreatedExpenseinExpensecategoryPage()[pri:1, instance:executePageClasses.ExpenseCategoryPageTestClass@691939c9]" started-at="2023-07-07T11:22:25 IST" name="verifyToDeleteCreatedExpenseinExpensecategoryPage" finished-at="2023-07-07T11:22:26 IST" duration-ms="1743" status="PASS">
          <reporter-output>
          </reporter-output>
        </test-method> <!-- verifyToDeleteCreatedExpenseinExpensecategoryPage -->
        <test-method is-config="true" signature="afterMethod(org.testng.ITestResult)[pri:0, instance:executePageClasses.ExpenseCategoryPageTestClass@691939c9]" started-at="2023-07-07T11:22:26 IST" name="afterMethod" finished-at="2023-07-07T11:22:27 IST" duration-ms="818" status="PASS">
          <params>
            <param index="0">
              <value>
                <![CDATA[[TestResult name=verifyToDeleteCreatedExpenseinExpensecategoryPage status=SUCCESS method=ExpenseCategoryPageTestClass.verifyToDeleteCreatedExpenseinExpensecategoryPage()[pri:1, instance:executePageClasses.ExpenseCategoryPageTestClass@691939c9] output={null}]]]>
              </value>
            </param>
          </params>
          <reporter-output>
          </reporter-output>
        </test-method> <!-- afterMethod -->
        <test-method is-config="true" signature="beforeMethod(java.lang.String)[pri:0, instance:executePageClasses.ExpenseCategoryPageTestClass@691939c9]" started-at="2023-07-07T11:22:27 IST" name="beforeMethod" finished-at="2023-07-07T11:22:30 IST" duration-ms="2311" status="PASS">
          <params>
            <param index="0">
              <value>
                <![CDATA[Chrome]]>
              </value>
            </param>
          </params>
          <reporter-output>
          </reporter-output>
        </test-method> <!-- beforeMethod -->
        <test-method signature="verifyToSearchCreatedExpenseinExpensecategoryPage()[pri:2, instance:executePageClasses.ExpenseCategoryPageTestClass@691939c9]" started-at="2023-07-07T11:22:30 IST" name="verifyToSearchCreatedExpenseinExpensecategoryPage" finished-at="2023-07-07T11:22:31 IST" duration-ms="1468" status="PASS">
          <reporter-output>
          </reporter-output>
        </test-method> <!-- verifyToSearchCreatedExpenseinExpensecategoryPage -->
        <test-method is-config="true" signature="afterMethod(org.testng.ITestResult)[pri:0, instance:executePageClasses.ExpenseCategoryPageTestClass@691939c9]" started-at="2023-07-07T11:22:31 IST" name="afterMethod" finished-at="2023-07-07T11:22:32 IST" duration-ms="817" status="PASS">
          <params>
            <param index="0">
              <value>
                <![CDATA[[TestResult name=verifyToSearchCreatedExpenseinExpensecategoryPage status=SUCCESS method=ExpenseCategoryPageTestClass.verifyToSearchCreatedExpenseinExpensecategoryPage()[pri:2, instance:executePageClasses.ExpenseCategoryPageTestClass@691939c9] output={null}]]]>
              </value>
            </param>
          </params>
          <reporter-output>
          </reporter-output>
        </test-method> <!-- afterMethod -->
        <test-method is-config="true" signature="beforeMethod(java.lang.String)[pri:0, instance:executePageClasses.ExpenseCategoryPageTestClass@691939c9]" started-at="2023-07-07T11:22:32 IST" name="beforeMethod" finished-at="2023-07-07T11:22:35 IST" duration-ms="3442" status="PASS">
          <params>
            <param index="0">
              <value>
                <![CDATA[Chrome]]>
              </value>
            </param>
          </params>
          <reporter-output>
          </reporter-output>
        </test-method> <!-- beforeMethod -->
        <test-method signature="verifyExpensecategoryPageIsDisplayedOrNot()[pri:3, instance:executePageClasses.ExpenseCategoryPageTestClass@691939c9]" started-at="2023-07-07T11:22:35 IST" name="verifyExpensecategoryPageIsDisplayedOrNot" finished-at="2023-07-07T11:22:36 IST" duration-ms="1088" status="PASS">
          <reporter-output>
          </reporter-output>
        </test-method> <!-- verifyExpensecategoryPageIsDisplayedOrNot -->
        <test-method is-config="true" signature="afterMethod(org.testng.ITestResult)[pri:0, instance:executePageClasses.ExpenseCategoryPageTestClass@691939c9]" started-at="2023-07-07T11:22:36 IST" name="afterMethod" finished-at="2023-07-07T11:22:37 IST" duration-ms="848" status="PASS">
          <params>
            <param index="0">
              <value>
                <![CDATA[[TestResult name=verifyExpensecategoryPageIsDisplayedOrNot status=SUCCESS method=ExpenseCategoryPageTestClass.verifyExpensecategoryPageIsDisplayedOrNot()[pri:3, instance:executePageClasses.ExpenseCategoryPageTestClass@691939c9] output={null}]]]>
              </value>
            </param>
          </params>
          <reporter-output>
          </reporter-output>
        </test-method> <!-- afterMethod -->
      </class> <!-- executePageClasses.ExpenseCategoryPageTestClass -->
      <class name="executePageClasses.HomePageTestClass">
        <test-method is-config="true" signature="beforeMethod(java.lang.String)[pri:0, instance:executePageClasses.HomePageTestClass@146587a2]" started-at="2023-07-07T11:22:58 IST" name="beforeMethod" finished-at="2023-07-07T11:23:00 IST" duration-ms="2025" status="PASS">
          <params>
            <param index="0">
              <value>
                <![CDATA[Chrome]]>
              </value>
            </param>
          </params>
          <reporter-output>
          </reporter-output>
        </test-method> <!-- beforeMethod -->
        <test-method signature="verifyAllTilesAreDisplayedOrNotInHomePage()[pri:0, instance:executePageClasses.HomePageTestClass@146587a2]" started-at="2023-07-07T11:23:00 IST" name="verifyAllTilesAreDisplayedOrNotInHomePage" finished-at="2023-07-07T11:23:01 IST" duration-ms="977" status="PASS">
          <reporter-output>
          </reporter-output>
        </test-method> <!-- verifyAllTilesAreDisplayedOrNotInHomePage -->
        <test-method is-config="true" signature="afterMethod(org.testng.ITestResult)[pri:0, instance:executePageClasses.HomePageTestClass@146587a2]" started-at="2023-07-07T11:23:01 IST" name="afterMethod" finished-at="2023-07-07T11:23:02 IST" duration-ms="867" status="PASS">
          <params>
            <param index="0">
              <value>
                <![CDATA[[TestResult name=verifyAllTilesAreDisplayedOrNotInHomePage status=SUCCESS method=HomePageTestClass.verifyAllTilesAreDisplayedOrNotInHomePage()[pri:0, instance:executePageClasses.HomePageTestClass@146587a2] output={null}]]]>
              </value>
            </param>
          </params>
          <reporter-output>
          </reporter-output>
        </test-method> <!-- afterMethod -->
      </class> <!-- executePageClasses.HomePageTestClass -->
      <class name="executePageClasses.ManageExpensePageTestClass">
        <test-method is-config="true" signature="beforeMethod(java.lang.String)[pri:0, instance:executePageClasses.ManageExpensePageTestClass@45fd9a4d]" started-at="2023-07-07T11:22:37 IST" name="beforeMethod" finished-at="2023-07-07T11:22:40 IST" duration-ms="2689" status="PASS">
          <params>
            <param index="0">
              <value>
                <![CDATA[Chrome]]>
              </value>
            </param>
          </params>
          <reporter-output>
          </reporter-output>
        </test-method> <!-- beforeMethod -->
        <test-method signature="verifyToCreateNewManageExpense()[pri:0, instance:executePageClasses.ManageExpensePageTestClass@45fd9a4d]" started-at="2023-07-07T11:22:40 IST" name="verifyToCreateNewManageExpense" finished-at="2023-07-07T11:22:43 IST" duration-ms="3080" status="PASS">
          <reporter-output>
          </reporter-output>
        </test-method> <!-- verifyToCreateNewManageExpense -->
        <test-method is-config="true" signature="afterMethod(org.testng.ITestResult)[pri:0, instance:executePageClasses.ManageExpensePageTestClass@45fd9a4d]" started-at="2023-07-07T11:22:43 IST" name="afterMethod" finished-at="2023-07-07T11:22:44 IST" duration-ms="815" status="PASS">
          <params>
            <param index="0">
              <value>
                <![CDATA[[TestResult name=verifyToCreateNewManageExpense status=SUCCESS method=ManageExpensePageTestClass.verifyToCreateNewManageExpense()[pri:0, instance:executePageClasses.ManageExpensePageTestClass@45fd9a4d] output={null}]]]>
              </value>
            </param>
          </params>
          <reporter-output>
          </reporter-output>
        </test-method> <!-- afterMethod -->
        <test-method is-config="true" signature="beforeMethod(java.lang.String)[pri:0, instance:executePageClasses.ManageExpensePageTestClass@45fd9a4d]" started-at="2023-07-07T11:22:44 IST" name="beforeMethod" finished-at="2023-07-07T11:22:46 IST" duration-ms="2511" status="PASS">
          <params>
            <param index="0">
              <value>
                <![CDATA[Chrome]]>
              </value>
            </param>
          </params>
          <reporter-output>
          </reporter-output>
        </test-method> <!-- beforeMethod -->
        <test-method signature="verifyToSearchCreatedManageExpense()[pri:0, instance:executePageClasses.ManageExpensePageTestClass@45fd9a4d]" started-at="2023-07-07T11:22:46 IST" name="verifyToSearchCreatedManageExpense" finished-at="2023-07-07T11:22:49 IST" duration-ms="2528" status="PASS">
          <reporter-output>
          </reporter-output>
        </test-method> <!-- verifyToSearchCreatedManageExpense -->
        <test-method is-config="true" signature="afterMethod(org.testng.ITestResult)[pri:0, instance:executePageClasses.ManageExpensePageTestClass@45fd9a4d]" started-at="2023-07-07T11:22:49 IST" name="afterMethod" finished-at="2023-07-07T11:22:50 IST" duration-ms="840" status="PASS">
          <params>
            <param index="0">
              <value>
                <![CDATA[[TestResult name=verifyToSearchCreatedManageExpense status=SUCCESS method=ManageExpensePageTestClass.verifyToSearchCreatedManageExpense()[pri:0, instance:executePageClasses.ManageExpensePageTestClass@45fd9a4d] output={null}]]]>
              </value>
            </param>
          </params>
          <reporter-output>
          </reporter-output>
        </test-method> <!-- afterMethod -->
        <test-method is-config="true" signature="beforeMethod(java.lang.String)[pri:0, instance:executePageClasses.ManageExpensePageTestClass@45fd9a4d]" started-at="2023-07-07T11:22:50 IST" name="beforeMethod" finished-at="2023-07-07T11:22:52 IST" duration-ms="2093" status="PASS">
          <params>
            <param index="0">
              <value>
                <![CDATA[Chrome]]>
              </value>
            </param>
          </params>
          <reporter-output>
          </reporter-output>
        </test-method> <!-- beforeMethod -->
        <test-method signature="verifyManageExpensePageIsDisplayedOrNot()[pri:2, instance:executePageClasses.ManageExpensePageTestClass@45fd9a4d]" started-at="2023-07-07T11:22:52 IST" name="verifyManageExpensePageIsDisplayedOrNot" finished-at="2023-07-07T11:22:53 IST" duration-ms="1174" status="PASS">
          <reporter-output>
          </reporter-output>
        </test-method> <!-- verifyManageExpensePageIsDisplayedOrNot -->
        <test-method is-config="true" signature="afterMethod(org.testng.ITestResult)[pri:0, instance:executePageClasses.ManageExpensePageTestClass@45fd9a4d]" started-at="2023-07-07T11:22:53 IST" name="afterMethod" finished-at="2023-07-07T11:22:54 IST" duration-ms="917" status="PASS">
          <params>
            <param index="0">
              <value>
                <![CDATA[[TestResult name=verifyManageExpensePageIsDisplayedOrNot status=SUCCESS method=ManageExpensePageTestClass.verifyManageExpensePageIsDisplayedOrNot()[pri:2, instance:executePageClasses.ManageExpensePageTestClass@45fd9a4d] output={null}]]]>
              </value>
            </param>
          </params>
          <reporter-output>
          </reporter-output>
        </test-method> <!-- afterMethod -->
        <test-method is-config="true" signature="beforeMethod(java.lang.String)[pri:0, instance:executePageClasses.ManageExpensePageTestClass@45fd9a4d]" started-at="2023-07-07T11:22:54 IST" name="beforeMethod" finished-at="2023-07-07T11:22:56 IST" duration-ms="1848" status="PASS">
          <params>
            <param index="0">
              <value>
                <![CDATA[Chrome]]>
              </value>
            </param>
          </params>
          <reporter-output>
          </reporter-output>
        </test-method> <!-- beforeMethod -->
        <test-method signature="verifyToDeleteCreatedExpenseinExpensecategoryPage()[pri:3, instance:executePageClasses.ManageExpensePageTestClass@45fd9a4d]" started-at="2023-07-07T11:22:56 IST" name="verifyToDeleteCreatedExpenseinExpensecategoryPage" finished-at="2023-07-07T11:22:57 IST" duration-ms="1567" status="PASS">
          <reporter-output>
          </reporter-output>
        </test-method> <!-- verifyToDeleteCreatedExpenseinExpensecategoryPage -->
        <test-method is-config="true" signature="afterMethod(org.testng.ITestResult)[pri:0, instance:executePageClasses.ManageExpensePageTestClass@45fd9a4d]" started-at="2023-07-07T11:22:57 IST" name="afterMethod" finished-at="2023-07-07T11:22:58 IST" duration-ms="815" status="PASS">
          <params>
            <param index="0">
              <value>
                <![CDATA[[TestResult name=verifyToDeleteCreatedExpenseinExpensecategoryPage status=SUCCESS method=ManageExpensePageTestClass.verifyToDeleteCreatedExpenseinExpensecategoryPage()[pri:3, instance:executePageClasses.ManageExpensePageTestClass@45fd9a4d] output={null}]]]>
              </value>
            </param>
          </params>
          <reporter-output>
          </reporter-output>
        </test-method> <!-- afterMethod -->
      </class> <!-- executePageClasses.ManageExpensePageTestClass -->
      <class name="executePageClasses.ManageProductPageTestClass">
        <test-method is-config="true" signature="beforeMethod(java.lang.String)[pri:0, instance:executePageClasses.ManageProductPageTestClass@5f0e9815]" started-at="2023-07-07T11:23:02 IST" name="beforeMethod" finished-at="2023-07-07T11:23:04 IST" duration-ms="2157" status="PASS">
          <params>
            <param index="0">
              <value>
                <![CDATA[Chrome]]>
              </value>
            </param>
          </params>
          <reporter-output>
          </reporter-output>
        </test-method> <!-- beforeMethod -->
        <test-method signature="verifyToSearchAProductInManageProductPage()[pri:0, instance:executePageClasses.ManageProductPageTestClass@5f0e9815]" started-at="2023-07-07T11:23:04 IST" name="verifyToSearchAProductInManageProductPage" finished-at="2023-07-07T11:23:06 IST" duration-ms="1568" status="PASS">
          <reporter-output>
          </reporter-output>
        </test-method> <!-- verifyToSearchAProductInManageProductPage -->
        <test-method is-config="true" signature="afterMethod(org.testng.ITestResult)[pri:0, instance:executePageClasses.ManageProductPageTestClass@5f0e9815]" started-at="2023-07-07T11:23:06 IST" name="afterMethod" finished-at="2023-07-07T11:23:07 IST" duration-ms="829" status="PASS">
          <params>
            <param index="0">
              <value>
                <![CDATA[[TestResult name=verifyToSearchAProductInManageProductPage status=SUCCESS method=ManageProductPageTestClass.verifyToSearchAProductInManageProductPage()[pri:0, instance:executePageClasses.ManageProductPageTestClass@5f0e9815] output={null}]]]>
              </value>
            </param>
          </params>
          <reporter-output>
          </reporter-output>
        </test-method> <!-- afterMethod -->
      </class> <!-- executePageClasses.ManageProductPageTestClass -->
    </test> <!-- Test -->
  </suite> <!-- Suite -->
</testng-results>
